2021-07-30  1:36:28 0 [Note] InnoDB: Mutexes and rw_locks use Windows interlocked functions
2021-07-30  1:36:28 0 [Note] InnoDB: Uses event mutexes
2021-07-30  1:36:28 0 [Note] InnoDB: Compressed tables use zlib 1.2.11
2021-07-30  1:36:28 0 [Note] InnoDB: Number of pools: 1
2021-07-30  1:36:28 0 [Note] InnoDB: Using SSE2 crc32 instructions
2021-07-30  1:36:28 0 [Note] InnoDB: Initializing buffer pool, total size = 16M, instances = 1, chunk size = 16M
2021-07-30  1:36:28 0 [Note] InnoDB: Completed initialization of buffer pool
2021-07-30  1:36:28 0 [Note] InnoDB: Starting crash recovery from checkpoint LSN=300288
2021-07-30  1:36:28 0 [Note] InnoDB: 128 out of 128 rollback segments are active.
2021-07-30  1:36:28 0 [Note] InnoDB: Removed temporary tablespace data file: "ibtmp1"
2021-07-30  1:36:28 0 [Note] InnoDB: Creating shared tablespace for temporary tables
2021-07-30  1:36:28 0 [Note] InnoDB: Setting file 'C:\xampp\mysql\data\ibtmp1' size to 12 MB. Physically writing the file full; Please wait ...
2021-07-30  1:36:28 0 [Note] InnoDB: File 'C:\xampp\mysql\data\ibtmp1' size is now 12 MB.
2021-07-30  1:36:28 0 [Note] InnoDB: Waiting for purge to start
2021-07-30  1:36:28 0 [Note] InnoDB: 10.4.19 started; log sequence number 300297; transaction id 170
2021-07-30  1:36:28 0 [Note] InnoDB: Loading buffer pool(s) from C:\xampp\mysql\data\ib_buffer_pool
2021-07-30  1:36:28 0 [Note] Plugin 'FEEDBACK' is disabled.
2021-07-30  1:36:28 0 [Note] InnoDB: Buffer pool(s) load completed at 210730  1:36:28
2021-07-30  1:36:28 0 [Note] Server socket created on IP: '::'.
2021-07-30  1:36:53 0 [Note] InnoDB: Mutexes and rw_locks use Windows interlocked functions
2021-07-30  1:36:53 0 [Note] InnoDB: Uses event mutexes
2021-07-30  1:36:53 0 [Note] InnoDB: Compressed tables use zlib 1.2.11
2021-07-30  1:36:53 0 [Note] InnoDB: Number of pools: 1
2021-07-30  1:36:53 0 [Note] InnoDB: Using SSE2 crc32 instructions
2021-07-30  1:36:53 0 [Note] InnoDB: Initializing buffer pool, total size = 16M, instances = 1, chunk size = 16M
2021-07-30  1:36:53 0 [Note] InnoDB: Completed initialization of buffer pool
2021-07-30  1:36:53 0 [Note] InnoDB: Starting crash recovery from checkpoint LSN=300306
2021-07-30  1:36:53 0 [Note] InnoDB: 128 out of 128 rollback segments are active.
2021-07-30  1:36:53 0 [Note] InnoDB: Removed temporary tablespace data file: "ibtmp1"
2021-07-30  1:36:53 0 [Note] InnoDB: Creating shared tablespace for temporary tables
2021-07-30  1:36:53 0 [Note] InnoDB: Setting file 'C:\xampp\mysql\data\ibtmp1' size to 12 MB. Physically writing the file full; Please wait ...
2021-07-30  1:36:53 0 [Note] InnoDB: File 'C:\xampp\mysql\data\ibtmp1' size is now 12 MB.
2021-07-30  1:36:53 0 [Note] InnoDB: Waiting for purge to start
2021-07-30  1:36:53 0 [Note] InnoDB: 10.4.19 started; log sequence number 300315; transaction id 170
2021-07-30  1:36:53 0 [Note] InnoDB: Loading buffer pool(s) from C:\xampp\mysql\data\ib_buffer_pool
2021-07-30  1:36:53 0 [Note] Plugin 'FEEDBACK' is disabled.
2021-07-30  1:36:53 0 [Note] Server socket created on IP: '::'.
2021-09-16  1:13:44 0 [Note] InnoDB: Mutexes and rw_locks use Windows interlocked functions
2021-09-16  1:13:44 0 [Note] InnoDB: Uses event mutexes
2021-09-16  1:13:44 0 [Note] InnoDB: Compressed tables use zlib 1.2.11
2021-09-16  1:13:44 0 [Note] InnoDB: Number of pools: 1
2021-09-16  1:13:44 0 [Note] InnoDB: Using SSE2 crc32 instructions
2021-09-16  1:13:44 0 [Note] InnoDB: Initializing buffer pool, total size = 16M, instances = 1, chunk size = 16M
2021-09-16  1:13:44 0 [Note] InnoDB: Completed initialization of buffer pool
2021-09-16  1:13:44 0 [Note] InnoDB: Starting crash recovery from checkpoint LSN=300324
2021-09-16  1:13:45 0 [Note] InnoDB: 128 out of 128 rollback segments are active.
2021-09-16  1:13:45 0 [Note] InnoDB: Removed temporary tablespace data file: "ibtmp1"
2021-09-16  1:13:45 0 [Note] InnoDB: Creating shared tablespace for temporary tables
2021-09-16  1:13:45 0 [Note] InnoDB: Setting file 'C:\xampp\mysql\data\ibtmp1' size to 12 MB. Physically writing the file full; Please wait ...
2021-09-16  1:13:45 0 [Note] InnoDB: File 'C:\xampp\mysql\data\ibtmp1' size is now 12 MB.
2021-09-16  1:13:45 0 [Note] InnoDB: Waiting for purge to start
2021-09-16  1:13:45 0 [Note] InnoDB: 10.4.19 started; log sequence number 300333; transaction id 170
2021-09-16  1:13:45 0 [Note] InnoDB: Loading buffer pool(s) from C:\xampp\mysql\data\ib_buffer_pool
2021-09-16  1:13:45 0 [Note] Plugin 'FEEDBACK' is disabled.
2021-09-16  1:13:45 0 [Note] InnoDB: Buffer pool(s) load completed at 210916  1:13:45
2021-09-16  1:13:45 0 [Note] Server socket created on IP: '::'.
2021-09-16 12:02:47 0 [Note] InnoDB: Mutexes and rw_locks use Windows interlocked functions
2021-09-16 12:02:47 0 [Note] InnoDB: Uses event mutexes
2021-09-16 12:02:47 0 [Note] InnoDB: Compressed tables use zlib 1.2.11
2021-09-16 12:02:47 0 [Note] InnoDB: Number of pools: 1
2021-09-16 12:02:47 0 [Note] InnoDB: Using SSE2 crc32 instructions
2021-09-16 12:02:47 0 [Note] InnoDB: Initializing buffer pool, total size = 16M, instances = 1, chunk size = 16M
2021-09-16 12:02:47 0 [Note] InnoDB: Completed initialization of buffer pool
2021-09-16 12:02:47 0 [Note] InnoDB: Starting crash recovery from checkpoint LSN=300674
2021-09-16 12:02:48 0 [Note] InnoDB: 128 out of 128 rollback segments are active.
2021-09-16 12:02:48 0 [Note] InnoDB: Removed temporary tablespace data file: "ibtmp1"
2021-09-16 12:02:48 0 [Note] InnoDB: Creating shared tablespace for temporary tables
2021-09-16 12:02:48 0 [Note] InnoDB: Setting file 'C:\xampp\mysql\data\ibtmp1' size to 12 MB. Physically writing the file full; Please wait ...
2021-09-16 12:02:48 0 [Note] InnoDB: File 'C:\xampp\mysql\data\ibtmp1' size is now 12 MB.
2021-09-16 12:02:48 0 [Note] InnoDB: Waiting for purge to start
2021-09-16 12:02:48 0 [Note] InnoDB: 10.4.19 started; log sequence number 300683; transaction id 193
2021-09-16 12:02:48 0 [Note] InnoDB: Loading buffer pool(s) from C:\xampp\mysql\data\ib_buffer_pool
2021-09-16 12:02:48 0 [Note] Plugin 'FEEDBACK' is disabled.
2021-09-16 12:02:48 0 [Note] InnoDB: Buffer pool(s) load completed at 210916 12:02:48
2021-09-16 12:02:48 0 [Note] Server socket created on IP: '::'.
2021-09-19 21:58:57 0 [Note] InnoDB: Mutexes and rw_locks use Windows interlocked functions
2021-09-19 21:58:57 0 [Note] InnoDB: Uses event mutexes
2021-09-19 21:58:57 0 [Note] InnoDB: Compressed tables use zlib 1.2.11
2021-09-19 21:58:57 0 [Note] InnoDB: Number of pools: 1
2021-09-19 21:58:57 0 [Note] InnoDB: Using SSE2 crc32 instructions
2021-09-19 21:58:57 0 [Note] InnoDB: Initializing buffer pool, total size = 16M, instances = 1, chunk size = 16M
2021-09-19 21:58:57 0 [Note] InnoDB: Completed initialization of buffer pool
2021-09-19 21:58:57 0 [Note] InnoDB: Starting crash recovery from checkpoint LSN=332966
2021-09-19 21:58:57 0 [Note] InnoDB: 128 out of 128 rollback segments are active.
2021-09-19 21:58:57 0 [Note] InnoDB: Removed temporary tablespace data file: "ibtmp1"
2021-09-19 21:58:57 0 [Note] InnoDB: Creating shared tablespace for temporary tables
2021-09-19 21:58:57 0 [Note] InnoDB: Setting file 'C:\xampp\mysql\data\ibtmp1' size to 12 MB. Physically writing the file full; Please wait ...
2021-09-19 21:58:57 0 [Note] InnoDB: File 'C:\xampp\mysql\data\ibtmp1' size is now 12 MB.
2021-09-19 21:58:57 0 [Note] InnoDB: Waiting for purge to start
2021-09-19 21:58:57 0 [Note] InnoDB: 10.4.19 started; log sequence number 332975; transaction id 288
2021-09-19 21:58:57 0 [Note] InnoDB: Loading buffer pool(s) from C:\xampp\mysql\data\ib_buffer_pool
2021-09-19 21:58:57 0 [Note] Plugin 'FEEDBACK' is disabled.
2021-09-19 21:58:57 0 [Note] InnoDB: Buffer pool(s) load completed at 210919 21:58:57
2021-09-19 21:58:57 0 [Note] Server socket created on IP: '::'.
2021-09-19 21:58:58 0 [Note] Reading of all Master_info entries succeeded
2021-09-19 21:58:58 0 [Note] Added new Master_info '' to hash table
2021-09-19 21:58:58 0 [Note] mysql\bin\mysqld.exe: ready for connections.
Version: '10.4.19-MariaDB'  socket: ''  port: 3306  mariadb.org binary distribution
2021-09-19 21:59:44 0 [Note] mysql\bin\mysqld.exe (initiated by: unknown): Normal shutdown
2021-09-19 21:59:44 0 [Note] Event Scheduler: Purging the queue. 0 events
2021-09-19 21:59:44 0 [Note] InnoDB: FTS optimize thread exiting.
2021-09-19 21:59:44 0 [Note] InnoDB: Starting shutdown...
2021-09-19 21:59:44 0 [Note] InnoDB: Dumping buffer pool(s) to C:\xampp\mysql\data\ib_buffer_pool
2021-09-19 21:59:44 0 [Note] InnoDB: Instance 0, restricted to 250 pages due to innodb_buf_pool_dump_pct=25
2021-09-19 21:59:44 0 [Note] InnoDB: Buffer pool(s) dump completed at 210919 21:59:44
2021-09-19 21:59:45 0 [Note] InnoDB: Removed temporary tablespace data file: "ibtmp1"
2021-09-19 21:59:45 0 [Note] InnoDB: Shutdown completed; log sequence number 332993; transaction id 289
2021-09-19 21:59:45 0 [Note] mysql\bin\mysqld.exe: Shutdown complete

