F C:\MercuryMail\Programs\winpm-32.exe
F C:\MercuryMail\Programs\winpm-32.exe.manifest
F C:\MercuryMail\Programs\mbxmaint.exe
F C:\MercuryMail\Programs\mbxmaint_ui.exe
F C:\MercuryMail\Programs\mbxmaint_ui.exe.manifest
F C:\MercuryMail\Programs\winpm-32.dat
F C:\MercuryMail\Programs\winpm-32.phc
F C:\MercuryMail\Programs\mapipm.dll
F C:\MercuryMail\Programs\manual.pdf
F C:\MercuryMail\Programs\cl32.dll
F C:\MercuryMail\Programs\iconv.dll
F C:\MercuryMail\Programs\libiconv.txt
F C:\MercuryMail\Programs\ssp32.dll
F C:\MercuryMail\Programs\ter32.dll
F C:\MercuryMail\Programs\hts32.dll
F C:\MercuryMail\Programs\bearhtml.dll
F C:\MercuryMail\Programs\beargrfn.png
F C:\MercuryMail\Programs\beargrfu.png
F C:\MercuryMail\Programs\bearrmt.png
F C:\MercuryMail\Programs\bearhtml.ini
F C:\MercuryMail\Programs\bearhtml.example.ini
F C:\MercuryMail\Programs\bearlang.en
F C:\MercuryMail\Programs\bearlang.de
F C:\MercuryMail\Programs\bearlang.it
F C:\MercuryMail\Programs\bearlang.fr
F C:\MercuryMail\Programs\bearlang.hu
F C:\MercuryMail\Programs\bearhlp-en.htm
F C:\MercuryMail\Programs\bearhlp-de.htm
F C:\MercuryMail\Programs\bearhlp-fr.htm
F C:\MercuryMail\Programs\bearhlp-it.htm
F C:\MercuryMail\Programs\beardef.css
F C:\MercuryMail\Programs\beartidy.cfg
F C:\MercuryMail\Programs\bearwarn.txt
F C:\MercuryMail\Programs\bearhtml_readme.txt
F C:\MercuryMail\Programs\beartlds.txt
F C:\MercuryMail\Programs\libtidy.dll
F C:\MercuryMail\Programs\wi_sph.dll
F C:\MercuryMail\Programs\sqlite3.dll
F C:\MercuryMail\Programs\sqlite3.exe
F C:\MercuryMail\Programs\FreeImage-license.txt
F C:\MercuryMail\Programs\FreeImage.dll
F C:\MercuryMail\Programs\wsendto.exe
F C:\MercuryMail\Programs\wssetup.exe
F C:\MercuryMail\Programs\wssetup.exe.manifest
F C:\MercuryMail\Programs\wssetup.hlp
F C:\MercuryMail\Programs\desetup.exe
F C:\MercuryMail\Programs\desetup2.exe
F C:\MercuryMail\Programs\order.bmp
F C:\MercuryMail\Programs\order.frm
F C:\MercuryMail\Programs\order32.dll
F C:\MercuryMail\Programs\order32.hlp
F C:\MercuryMail\Programs\autorplc.pm
F C:\MercuryMail\Programs\default.bmp
F C:\MercuryMail\Programs\viewer.pm
F C:\MercuryMail\Programs\pconfig.exe
F C:\MercuryMail\Programs\pconfig.rsc
F C:\MercuryMail\Programs\ph32.dll
F C:\MercuryMail\Programs\ph.hlp
F C:\MercuryMail\Programs\pmdct3us.pmd
F C:\MercuryMail\Programs\pmdict3.pmd
F C:\MercuryMail\Programs\readme.txt
F C:\MercuryMail\Programs\tphone.bmp
F C:\MercuryMail\Programs\tphone32.dll
F C:\MercuryMail\Programs\urlproxy.exe
F C:\MercuryMail\Programs\wldap32.dll
F C:\MercuryMail\Programs\wldap32.hlp
F C:\MercuryMail\Programs\bcardr32.dll
F C:\MercuryMail\Programs\bcardc32.dll
F C:\MercuryMail\Programs\bcardc32.hlp
F C:\MercuryMail\Programs\hangup32.txt
F C:\MercuryMail\Programs\hangup32.dll
F C:\MercuryMail\Programs\hangup32
F C:\MercuryMail\Programs\pmsort.exe
F C:\MercuryMail\Programs\setpmdefault.exe
F C:\MercuryMail\Programs\setreg.exe
F C:\MercuryMail\Programs\wpmmapi.exe
F C:\MercuryMail\Programs\order32.fff
F C:\MercuryMail\Programs\newmail.exe
F C:\MercuryMail\Programs\pmgrant.exe
F C:\MercuryMail\Programs\filetype.pm
F C:\MercuryMail\Programs\mime-map.pm
F C:\MercuryMail\Programs\finger32.dll
F C:\MercuryMail\Programs\ppass32.dll
F C:\MercuryMail\Programs\ppass32.fff
F C:\MercuryMail\Programs\mlmrge32.dll
F C:\MercuryMail\Programs\mlmrge32.hlp
F C:\MercuryMail\Programs\mltpop32.dll
F C:\MercuryMail\Programs\mltpop32.hlp
F C:\MercuryMail\Programs\finger32.fff
F C:\MercuryMail\Programs\nsldap32v11.dll
F C:\MercuryMail\Programs\mlmrge32.fff
F C:\MercuryMail\Programs\mltpop32.fff
F C:\MercuryMail\Programs\ph32.fff
F C:\MercuryMail\Programs\pmdict3.pmh
F C:\MercuryMail\Programs\tphone32.fff
F C:\MercuryMail\Programs\welcome.dmi
F C:\MercuryMail\Programs\bcard32.fff
F C:\MercuryMail\Programs\wldap32.fff
F C:\MercuryMail\Programs\predis.txt
F C:\MercuryMail\Programs\limits.exe
F C:\MercuryMail\Programs\limits.exe.manifest
F C:\MercuryMail\Programs\pr2dis.txt
D C:\MercuryMail\Programs\RESOURCE
F C:\MercuryMail\Programs\RESOURCE\rasdial.zip
F C:\MercuryMail\Programs\RESOURCE\winpmdde.txt
F C:\MercuryMail\Programs\RESOURCE\order32.dll
F C:\MercuryMail\Programs\RESOURCE\order32.fff
F C:\MercuryMail\Programs\RESOURCE\rescom.exe
F C:\MercuryMail\Programs\RESOURCE\template.txt
F C:\MercuryMail\Programs\RESOURCE\listserv.pm5
F C:\MercuryMail\Programs\RESOURCE\helpdesk.pm5
F C:\MercuryMail\Programs\RESOURCE\bpanel.txt
F C:\MercuryMail\Programs\RESOURCE\autorplc.pm
F C:\MercuryMail\Programs\RESOURCE\filetype.pm
F C:\MercuryMail\Programs\RESOURCE\mime-map.pm
F C:\MercuryMail\Programs\RESOURCE\rquotes.r
F C:\MercuryMail\Programs\RESOURCE\wpm-char.r
F C:\MercuryMail\Programs\RESOURCE\wpm-lmtt.r
F C:\MercuryMail\Programs\RESOURCE\spambust.dat
F C:\MercuryMail\Programs\RESOURCE\prefix.pm
D C:\MercuryMail\Programs\PNG
F C:\MercuryMail\Programs\PNG\1025.png
F C:\MercuryMail\Programs\PNG\1030.png
F C:\MercuryMail\Programs\PNG\1040.png
F C:\MercuryMail\Programs\PNG\1041.png
F C:\MercuryMail\Programs\PNG\1042.png
F C:\MercuryMail\Programs\PNG\1043.png
F C:\MercuryMail\Programs\PNG\1044.png
F C:\MercuryMail\Programs\PNG\1050.png
F C:\MercuryMail\Programs\PNG\1051.png
F C:\MercuryMail\Programs\PNG\1059.png
F C:\MercuryMail\Programs\PNG\1060.png
F C:\MercuryMail\Programs\PNG\1150.png
F C:\MercuryMail\Programs\PNG\1151.png
F C:\MercuryMail\Programs\PNG\1152.png
F C:\MercuryMail\Programs\PNG\1170.png
F C:\MercuryMail\Programs\PNG\1171.png
F C:\MercuryMail\Programs\PNG\1173.png
F C:\MercuryMail\Programs\PNG\1174.png
F C:\MercuryMail\Programs\PNG\1175.png
F C:\MercuryMail\Programs\PNG\1176.png
F C:\MercuryMail\Programs\PNG\1177.png
F C:\MercuryMail\Programs\PNG\1178.png
F C:\MercuryMail\Programs\PNG\1180.png
F C:\MercuryMail\Programs\PNG\1190.png
F C:\MercuryMail\Programs\PNG\1195.png
F C:\MercuryMail\Programs\PNG\1196.png
F C:\MercuryMail\Programs\PNG\1200.png
F C:\MercuryMail\Programs\PNG\1200d.png
F C:\MercuryMail\Programs\PNG\1201.png
F C:\MercuryMail\Programs\PNG\1202.png
F C:\MercuryMail\Programs\PNG\1203.png
F C:\MercuryMail\Programs\PNG\1204.png
F C:\MercuryMail\Programs\PNG\1205.png
F C:\MercuryMail\Programs\PNG\1207.png
F C:\MercuryMail\Programs\PNG\1208.png
F C:\MercuryMail\Programs\PNG\1209.png
F C:\MercuryMail\Programs\PNG\1210.png
F C:\MercuryMail\Programs\PNG\1211.png
F C:\MercuryMail\Programs\PNG\1212.png
F C:\MercuryMail\Programs\PNG\1213.png
F C:\MercuryMail\Programs\PNG\1214.png
F C:\MercuryMail\Programs\PNG\1215.png
F C:\MercuryMail\Programs\PNG\1216.png
F C:\MercuryMail\Programs\PNG\1217.png
F C:\MercuryMail\Programs\PNG\1218.png
F C:\MercuryMail\Programs\PNG\1220.png
F C:\MercuryMail\Programs\PNG\1222.png
F C:\MercuryMail\Programs\PNG\1225.png
F C:\MercuryMail\Programs\PNG\1226.png
F C:\MercuryMail\Programs\PNG\1250.png
F C:\MercuryMail\Programs\PNG\1261.png
F C:\MercuryMail\Programs\PNG\1262.png
F C:\MercuryMail\Programs\PNG\1263.png
F C:\MercuryMail\Programs\PNG\1264.png
F C:\MercuryMail\Programs\PNG\1270.png
F C:\MercuryMail\Programs\PNG\1290.png
F C:\MercuryMail\Programs\PNG\1291.png
F C:\MercuryMail\Programs\PNG\1292.png
F C:\MercuryMail\Programs\PNG\1293.png
F C:\MercuryMail\Programs\PNG\1294.png
F C:\MercuryMail\Programs\PNG\1295.png
F C:\MercuryMail\Programs\PNG\1296.png
F C:\MercuryMail\Programs\PNG\1297.png
F C:\MercuryMail\Programs\PNG\1298.png
F C:\MercuryMail\Programs\PNG\1301.png
F C:\MercuryMail\Programs\PNG\1302.png
F C:\MercuryMail\Programs\PNG\1303.png
F C:\MercuryMail\Programs\PNG\1304.png
F C:\MercuryMail\Programs\PNG\1305.png
F C:\MercuryMail\Programs\PNG\1306.png
F C:\MercuryMail\Programs\PNG\1350.png
F C:\MercuryMail\Programs\PNG\1351.png
F C:\MercuryMail\Programs\PNG\1352.png
F C:\MercuryMail\Programs\PNG\1353.png
F C:\MercuryMail\Programs\PNG\1355.png
F C:\MercuryMail\Programs\PNG\1356.png
F C:\MercuryMail\Programs\PNG\1357.png
F C:\MercuryMail\Programs\PNG\1358.png
F C:\MercuryMail\Programs\PNG\1360.png
F C:\MercuryMail\Programs\PNG\1361.png
F C:\MercuryMail\Programs\PNG\1362.png
F C:\MercuryMail\Programs\PNG\1363.png
F C:\MercuryMail\Programs\PNG\1365.png
F C:\MercuryMail\Programs\PNG\1420.png
F C:\MercuryMail\Programs\PNG\1421.png
F C:\MercuryMail\Programs\PNG\1422.png
F C:\MercuryMail\Programs\PNG\1423.png
F C:\MercuryMail\Programs\PNG\1424.png
F C:\MercuryMail\Programs\PNG\1458.png
F C:\MercuryMail\Programs\PNG\1459.png
F C:\MercuryMail\Programs\PNG\1460.png
F C:\MercuryMail\Programs\PNG\1463.png
F C:\MercuryMail\Programs\PNG\1466.png
F C:\MercuryMail\Programs\PNG\1467.png
F C:\MercuryMail\Programs\PNG\1470.png
F C:\MercuryMail\Programs\PNG\1471.png
F C:\MercuryMail\Programs\PNG\1472.png
F C:\MercuryMail\Programs\PNG\1474.png
F C:\MercuryMail\Programs\PNG\1476.png
F C:\MercuryMail\Programs\PNG\1477.png
F C:\MercuryMail\Programs\PNG\1478.png
F C:\MercuryMail\Programs\PNG\1479.png
F C:\MercuryMail\Programs\PNG\1600.png
F C:\MercuryMail\Programs\PNG\1601.png
F C:\MercuryMail\Programs\PNG\1602.png
F C:\MercuryMail\Programs\PNG\1604.png
F C:\MercuryMail\Programs\PNG\1605.png
F C:\MercuryMail\Programs\PNG\1606.png
F C:\MercuryMail\Programs\PNG\1703.png
F C:\MercuryMail\Programs\PNG\1760.png
F C:\MercuryMail\Programs\PNG\1761.png
F C:\MercuryMail\Programs\PNG\1762.png
F C:\MercuryMail\Programs\PNG\1763.png
F C:\MercuryMail\Programs\PNG\1764.png
F C:\MercuryMail\Programs\PNG\1765.png
F C:\MercuryMail\Programs\PNG\1801.png
F C:\MercuryMail\Programs\PNG\1802.png
F C:\MercuryMail\Programs\PNG\1803.png
F C:\MercuryMail\Programs\PNG\1804.png
F C:\MercuryMail\Programs\PNG\1805.png
F C:\MercuryMail\Programs\PNG\1806.png
F C:\MercuryMail\Programs\PNG\1807.png
F C:\MercuryMail\Programs\PNG\1808.png
F C:\MercuryMail\Programs\PNG\1820.png
F C:\MercuryMail\Programs\PNG\1821.png
F C:\MercuryMail\Programs\PNG\1822.png
F C:\MercuryMail\Programs\PNG\1823.png
F C:\MercuryMail\Programs\PNG\1824.png
F C:\MercuryMail\Programs\PNG\1825.png
F C:\MercuryMail\Programs\PNG\1826.png
F C:\MercuryMail\Programs\PNG\1827.png
F C:\MercuryMail\Programs\PNG\1828.png
F C:\MercuryMail\Programs\PNG\1829.png
F C:\MercuryMail\Programs\PNG\1830.png
F C:\MercuryMail\Programs\PNG\1831.png
F C:\MercuryMail\Programs\PNG\1835.png
F C:\MercuryMail\Programs\PNG\1836.png
F C:\MercuryMail\Programs\PNG\1837.png
F C:\MercuryMail\Programs\PNG\1838.png
F C:\MercuryMail\Programs\PNG\1839.png
F C:\MercuryMail\Programs\PNG\1840.png
F C:\MercuryMail\Programs\PNG\1841.png
F C:\MercuryMail\Programs\PNG\1842.png
F C:\MercuryMail\Programs\PNG\1843.png
F C:\MercuryMail\Programs\PNG\1844.png
F C:\MercuryMail\Programs\PNG\1845.png
F C:\MercuryMail\Programs\PNG\1846.png
F C:\MercuryMail\Programs\PNG\1856.png
F C:\MercuryMail\Programs\PNG\1857.png
F C:\MercuryMail\Programs\PNG\1858.png
F C:\MercuryMail\Programs\PNG\1860.png
F C:\MercuryMail\Programs\PNG\1870.png
F C:\MercuryMail\Programs\PNG\1871.png
F C:\MercuryMail\Programs\PNG\1880.png
F C:\MercuryMail\Programs\PNG\1881.png
F C:\MercuryMail\Programs\PNG\1882.png
F C:\MercuryMail\Programs\PNG\1883.png
F C:\MercuryMail\Programs\PNG\1884.png
F C:\MercuryMail\Programs\PNG\1885.png
F C:\MercuryMail\Programs\PNG\1886.png
F C:\MercuryMail\Programs\PNG\1887.png
F C:\MercuryMail\Programs\PNG\1888.png
F C:\MercuryMail\Programs\PNG\1889.png
F C:\MercuryMail\Programs\PNG\1890.png
F C:\MercuryMail\Programs\PNG\1891.png
F C:\MercuryMail\Programs\PNG\1892.png
F C:\MercuryMail\Programs\PNG\1893.png
F C:\MercuryMail\Programs\PNG\1894.png
F C:\MercuryMail\Programs\PNG\1895.png
F C:\MercuryMail\Programs\PNG\1896.png
F C:\MercuryMail\Programs\PNG\1897.png
F C:\MercuryMail\Programs\PNG\1898.png
F C:\MercuryMail\Programs\PNG\1899.png
F C:\MercuryMail\Programs\PNG\1902.png
F C:\MercuryMail\Programs\PNG\1903.png
F C:\MercuryMail\Programs\PNG\1904.png
F C:\MercuryMail\Programs\PNG\1905.png
F C:\MercuryMail\Programs\PNG\1906.png
F C:\MercuryMail\Programs\PNG\1907.png
F C:\MercuryMail\Programs\PNG\1912.png
F C:\MercuryMail\Programs\PNG\1913.png
F C:\MercuryMail\Programs\PNG\1914.png
F C:\MercuryMail\Programs\PNG\1916.png
F C:\MercuryMail\Programs\PNG\19200.png
F C:\MercuryMail\Programs\PNG\19201.png
F C:\MercuryMail\Programs\PNG\5000.png
F C:\MercuryMail\Programs\PNG\5001.png
F C:\MercuryMail\Programs\PNG\5003.png
F C:\MercuryMail\Programs\PNG\5003o.png
F C:\MercuryMail\Programs\PNG\5004.png
F C:\MercuryMail\Programs\PNG\5005.png
F C:\MercuryMail\Programs\PNG\5006.png
F C:\MercuryMail\Programs\PNG\5007.png
F C:\MercuryMail\Programs\PNG\5008.png
F C:\MercuryMail\Programs\PNG\5010.png
F C:\MercuryMail\Programs\PNG\5050.png
F C:\MercuryMail\Programs\PNG\5051.png
F C:\MercuryMail\Programs\PNG\5052.png
F C:\MercuryMail\Programs\PNG\5053.png
F C:\MercuryMail\Programs\PNG\5060.png
F C:\MercuryMail\Programs\PNG\5061.png
F C:\MercuryMail\Programs\PNG\701.png
F C:\MercuryMail\Programs\PNG\800.png
F C:\MercuryMail\Programs\PNG\801.png
F C:\MercuryMail\Programs\PNG\810.png
F C:\MercuryMail\Programs\PNG\beargrfn.png
F C:\MercuryMail\Programs\PNG\beargrfu.png
F C:\MercuryMail\Programs\PNG\bearrmt.png
F C:\MercuryMail\Programs\PNG\order.png
F C:\MercuryMail\Programs\PNG\tphone.png
D C:\MercuryMail\Programs\DEFAULTS
F C:\MercuryMail\Programs\DEFAULTS\junk.pmm
F C:\MercuryMail\Programs\DEFAULTS\junk.pmi
F C:\MercuryMail\Programs\DEFAULTS\main.pmm
F C:\MercuryMail\Programs\DEFAULTS\main.pmi
F C:\MercuryMail\Programs\DEFAULTS\copyself.pmm
F C:\MercuryMail\Programs\DEFAULTS\copyself.pmi
F C:\MercuryMail\Programs\DEFAULTS\personal.pmr
F C:\MercuryMail\Programs\DEFAULTS\personal.pm!
F C:\MercuryMail\Programs\DEFAULTS\basic.pnc
F C:\MercuryMail\Programs\DEFAULTS\spambust.dat
F C:\MercuryMail\Programs\DEFAULTS\black.pml
F C:\MercuryMail\Programs\DEFAULTS\white.pml
G Pegasus Mail
F C:\Users\bitnami\Desktop\Pegasus Mail.LNK
F C:\Users\bitnami\AppData\Roaming\Microsoft\Windows\SendTo\Pegasus Mail.LNK
F C:\MercuryMail\Programs\WSSetup.dat
F C:\MercuryMail\Programs\PMAIL.CFG
