[Mon Jul 05 02:44:53.139857 2021] [ssl:warn] [pid 115096:tid 392] AH01909: www.example.com:443:0 server certificate does NOT include an ID which matches the server name
[Mon Jul 05 02:44:53.184736 2021] [ssl:warn] [pid 115096:tid 392] AH01909: www.example.com:443:0 server certificate does NOT include an ID which matches the server name
[Mon Jul 05 02:44:53.222637 2021] [mpm_winnt:notice] [pid 115096:tid 392] AH00455: Apache/2.4.48 (Win64) OpenSSL/1.1.1k PHP/8.0.7 configured -- resuming normal operations
[Mon Jul 05 02:44:53.222637 2021] [mpm_winnt:notice] [pid 115096:tid 392] AH00456: Apache Lounge VS16 Server built: May 18 2021 10:45:56
[Mon Jul 05 02:44:53.222637 2021] [core:notice] [pid 115096:tid 392] AH00094: Command line: 'C:\\xampp\\apache\\bin\\httpd.exe -d C:/xampp/apache'
[Mon Jul 05 02:44:53.238593 2021] [mpm_winnt:notice] [pid 115096:tid 392] AH00418: Parent: Created child process 108916
[Mon Jul 05 02:44:53.565394 2021] [ssl:warn] [pid 108916:tid 548] AH01909: www.example.com:443:0 server certificate does NOT include an ID which matches the server name
[Mon Jul 05 02:44:53.603249 2021] [ssl:warn] [pid 108916:tid 548] AH01909: www.example.com:443:0 server certificate does NOT include an ID which matches the server name
[Mon Jul 05 02:44:53.628237 2021] [mpm_winnt:notice] [pid 108916:tid 548] AH00354: Child: Starting 150 worker threads.
[Fri Jul 30 01:38:03.911905 2021] [ssl:warn] [pid 112840:tid 576] AH01909: www.example.com:4433:0 server certificate does NOT include an ID which matches the server name
[Fri Jul 30 01:38:03.960909 2021] [ssl:warn] [pid 112840:tid 576] AH01909: www.example.com:4433:0 server certificate does NOT include an ID which matches the server name
[Fri Jul 30 01:38:04.356907 2021] [mpm_winnt:notice] [pid 112840:tid 576] AH00455: Apache/2.4.48 (Win64) OpenSSL/1.1.1k PHP/8.0.7 configured -- resuming normal operations
[Fri Jul 30 01:38:04.356907 2021] [mpm_winnt:notice] [pid 112840:tid 576] AH00456: Apache Lounge VS16 Server built: May 18 2021 10:45:56
[Fri Jul 30 01:38:04.356907 2021] [core:notice] [pid 112840:tid 576] AH00094: Command line: 'c:\\xampp\\apache\\bin\\httpd.exe -d C:/xampp/apache'
[Fri Jul 30 01:38:04.359904 2021] [mpm_winnt:notice] [pid 112840:tid 576] AH00418: Parent: Created child process 66272
[Fri Jul 30 01:38:04.708906 2021] [ssl:warn] [pid 66272:tid 588] AH01909: www.example.com:4433:0 server certificate does NOT include an ID which matches the server name
[Fri Jul 30 01:38:04.753906 2021] [ssl:warn] [pid 66272:tid 588] AH01909: www.example.com:4433:0 server certificate does NOT include an ID which matches the server name
[Fri Jul 30 01:38:04.782901 2021] [mpm_winnt:notice] [pid 66272:tid 588] AH00354: Child: Starting 150 worker threads.
[Thu Sep 16 01:13:45.207786 2021] [ssl:warn] [pid 52428:tid 588] AH01909: www.example.com:4433:0 server certificate does NOT include an ID which matches the server name
[Thu Sep 16 01:13:45.250826 2021] [core:warn] [pid 52428:tid 588] AH00098: pid file C:/xampp/apache/logs/httpd.pid overwritten -- Unclean shutdown of previous Apache run?
[Thu Sep 16 01:13:45.253818 2021] [ssl:warn] [pid 52428:tid 588] AH01909: www.example.com:4433:0 server certificate does NOT include an ID which matches the server name
[Thu Sep 16 01:13:45.560787 2021] [mpm_winnt:notice] [pid 52428:tid 588] AH00455: Apache/2.4.48 (Win64) OpenSSL/1.1.1k PHP/8.0.7 configured -- resuming normal operations
[Thu Sep 16 01:13:45.560787 2021] [mpm_winnt:notice] [pid 52428:tid 588] AH00456: Apache Lounge VS16 Server built: May 18 2021 10:45:56
[Thu Sep 16 01:13:45.560787 2021] [core:notice] [pid 52428:tid 588] AH00094: Command line: 'c:\\xampp\\apache\\bin\\httpd.exe -d C:/xampp/apache'
[Thu Sep 16 01:13:45.563780 2021] [mpm_winnt:notice] [pid 52428:tid 588] AH00418: Parent: Created child process 48528
[Thu Sep 16 01:13:45.972784 2021] [ssl:warn] [pid 48528:tid 620] AH01909: www.example.com:4433:0 server certificate does NOT include an ID which matches the server name
[Thu Sep 16 01:13:46.013779 2021] [ssl:warn] [pid 48528:tid 620] AH01909: www.example.com:4433:0 server certificate does NOT include an ID which matches the server name
[Thu Sep 16 01:13:46.039799 2021] [mpm_winnt:notice] [pid 48528:tid 620] AH00354: Child: Starting 150 worker threads.
[Thu Sep 16 12:02:49.142579 2021] [ssl:warn] [pid 14012:tid 156] AH01909: www.example.com:4433:0 server certificate does NOT include an ID which matches the server name
[Thu Sep 16 12:02:49.183469 2021] [core:warn] [pid 14012:tid 156] AH00098: pid file C:/xampp/apache/logs/httpd.pid overwritten -- Unclean shutdown of previous Apache run?
[Thu Sep 16 12:02:49.186461 2021] [ssl:warn] [pid 14012:tid 156] AH01909: www.example.com:4433:0 server certificate does NOT include an ID which matches the server name
[Thu Sep 16 12:02:49.477797 2021] [mpm_winnt:notice] [pid 14012:tid 156] AH00455: Apache/2.4.48 (Win64) OpenSSL/1.1.1k PHP/8.0.7 configured -- resuming normal operations
[Thu Sep 16 12:02:49.477797 2021] [mpm_winnt:notice] [pid 14012:tid 156] AH00456: Apache Lounge VS16 Server built: May 18 2021 10:45:56
[Thu Sep 16 12:02:49.477797 2021] [core:notice] [pid 14012:tid 156] AH00094: Command line: 'c:\\xampp\\apache\\bin\\httpd.exe -d C:/xampp/apache'
[Thu Sep 16 12:02:49.480789 2021] [mpm_winnt:notice] [pid 14012:tid 156] AH00418: Parent: Created child process 25048
[Thu Sep 16 12:02:49.878840 2021] [ssl:warn] [pid 25048:tid 608] AH01909: www.example.com:4433:0 server certificate does NOT include an ID which matches the server name
[Thu Sep 16 12:02:49.917736 2021] [ssl:warn] [pid 25048:tid 608] AH01909: www.example.com:4433:0 server certificate does NOT include an ID which matches the server name
[Thu Sep 16 12:02:49.940675 2021] [mpm_winnt:notice] [pid 25048:tid 608] AH00354: Child: Starting 150 worker threads.
[Sun Sep 19 21:58:58.476569 2021] [ssl:warn] [pid 45256:tid 508] AH01909: www.example.com:4433:0 server certificate does NOT include an ID which matches the server name
[Sun Sep 19 21:58:58.517460 2021] [core:warn] [pid 45256:tid 508] AH00098: pid file C:/xampp/apache/logs/httpd.pid overwritten -- Unclean shutdown of previous Apache run?
[Sun Sep 19 21:58:58.520451 2021] [ssl:warn] [pid 45256:tid 508] AH01909: www.example.com:4433:0 server certificate does NOT include an ID which matches the server name
[Sun Sep 19 21:58:58.825015 2021] [mpm_winnt:notice] [pid 45256:tid 508] AH00455: Apache/2.4.48 (Win64) OpenSSL/1.1.1k PHP/8.0.7 configured -- resuming normal operations
[Sun Sep 19 21:58:58.826011 2021] [mpm_winnt:notice] [pid 45256:tid 508] AH00456: Apache Lounge VS16 Server built: May 18 2021 10:45:56
[Sun Sep 19 21:58:58.826011 2021] [core:notice] [pid 45256:tid 508] AH00094: Command line: 'apache\\bin\\httpd.exe -d C:/xampp/apache -f conf\\httpd.conf'
[Sun Sep 19 21:58:58.837976 2021] [mpm_winnt:notice] [pid 45256:tid 508] AH00418: Parent: Created child process 44384
Apache server interrupted...
021] [ssl:warn] [pid 44384:tid 628] AH01909: www.example.com:4433:0 server certificate does NOT include an ID which matches the server name
[Sun Sep 19 21:58:59.170763 2021] [ssl:warn] [pid 44384:tid 628] AH01909: www.example.com:4433:0 server certificate does NOT include an ID which matches the server name
[Sun Sep 19 21:58:59.193248 2021] [mpm_winnt:notice] [pid 44384:tid 628] AH00354: Child: Starting 150 worker threads.
[Sun Sep 19 21:59:20.460851 2021] [mpm_winnt:notice] [pid 45256:tid 508] AH00422: Parent: Received shutdown signal -- Shutting down the server.
Apache server shutdown initiated...
[Sun Sep 19 21:59:22.480901 2021] [mpm_winnt:notice] [pid 44384:tid 628] AH00364: Child: All worker threads have exited.
[Sun Sep 19 21:59:24.955219 2021] [mpm_winnt:notice] [pid 45256:tid 508] AH00430: Parent: Child process 44384 exited successfully.
